<?xml version="1.0" encoding="UTF-8"?>
<!-- Generated by org.testng.reporters.JUnitReportReporter -->
<testsuite hostname="LAPTOP-K321CR89" failures="0" tests="4" name="testng.VI" time="0.004" errors="0" timestamp="2022-11-21T11:58:56 IST" skipped="0">
  <testcase classname="testng.VI" name="VI749" time="0.001"/>
  <system-out>
    <![CDATA[VI recharge 84 days ]]>
  </system-out>
  <testcase classname="testng.VI" name="VI449" time="0.001"/>
  <system-out>
    <![CDATA[VI recharge 56 days]]>
  </system-out>
  <testcase classname="testng.VI" name="VI249" time="0.001"/>
  <system-out>
    <![CDATA[VI recharge 35 days ]]>
  </system-out>
  <testcase classname="testng.VI" name="VI149" time="0.001"/>
  <system-out>
    <![CDATA[VI recharge 28 days]]>
  </system-out>
</testsuite> <!-- testng.VI -->
