<?xml version="1.0" encoding="UTF-8"?>
<!-- Generated by org.testng.reporters.JUnitReportReporter -->
<testsuite hostname="LAPTOP-K321CR89" failures="0" tests="16" name="testng.Airtel" time="0.038" errors="0" timestamp="2022-11-21T11:58:56 IST" skipped="0">
  <testcase classname="testng.Airtel" name="VI749" time="0.003"/>
  <system-out>
    <![CDATA[VI recharge 84 days ]]>
  </system-out>
  <testcase classname="testng.Airtel" name="jio449" time="0.002"/>
  <system-out>
    <![CDATA[jio recharge 56 days]]>
  </system-out>
  <testcase classname="testng.Airtel" name="airtel149" time="0.002"/>
  <system-out>
    <![CDATA[airtel recharge 28 days]]>
  </system-out>
  <testcase classname="testng.Airtel" name="jio749" time="0.001"/>
  <system-out>
    <![CDATA[jio recharge 84 days ]]>
  </system-out>
  <testcase classname="testng.Airtel" name="bsnl449" time="0.001"/>
  <system-out>
    <![CDATA[bsnl recharge 56 days]]>
  </system-out>
  <testcase classname="testng.Airtel" name="jio249" time="0.001"/>
  <system-out>
    <![CDATA[jio recharge 40 days ]]>
  </system-out>
  <testcase classname="testng.Airtel" name="airtel249" time="0.001"/>
  <system-out>
    <![CDATA[airtel recharge 35 days ]]>
  </system-out>
  <testcase classname="testng.Airtel" name="bsnl149" time="0.002"/>
  <system-out>
    <![CDATA[bsnl recharge 28 days]]>
  </system-out>
  <testcase classname="testng.Airtel" name="bsnl249" time="0.002"/>
  <system-out>
    <![CDATA[bsnl recharge 35 days ]]>
  </system-out>
  <testcase classname="testng.Airtel" name="VI249" time="0.001"/>
  <system-out>
    <![CDATA[VI recharge 35 days ]]>
  </system-out>
  <testcase classname="testng.Airtel" name="jio149" time="0.004"/>
  <system-out>
    <![CDATA[jio recharge 28 days]]>
  </system-out>
  <testcase classname="testng.Airtel" name="airtel749" time="0.001"/>
  <system-out>
    <![CDATA[airtel recharge 84 days ]]>
  </system-out>
  <testcase classname="testng.Airtel" name="VI149" time="0.012"/>
  <system-out>
    <![CDATA[VI recharge 28 days]]>
  </system-out>
  <testcase classname="testng.Airtel" name="airtel449" time="0.002"/>
  <system-out>
    <![CDATA[airtel recharge 56 days]]>
  </system-out>
  <testcase classname="testng.Airtel" name="VI449" time="0.001"/>
  <system-out>
    <![CDATA[VI recharge 56 days]]>
  </system-out>
  <testcase classname="testng.Airtel" name="bsnl749" time="0.002"/>
  <system-out>
    <![CDATA[bsnl recharge 84 days ]]>
  </system-out>
</testsuite> <!-- testng.Airtel -->
