<?xml version="1.0" encoding="UTF-8"?>
<!-- Generated by org.testng.reporters.JUnitReportReporter -->
<testsuite hostname="LAPTOP-K321CR89" failures="0" tests="2" name="testng.Healthinsurence" time="0.012" errors="0" timestamp="2022-11-20T11:20:21 IST" skipped="0">
  <testcase classname="testng.Healthinsurence" name="accidental" time="0.011"/>
  <system-out>
    <![CDATA[accidental]]>
  </system-out>
  <testcase classname="testng.Healthinsurence" name="life" time="0.001"/>
  <system-out>
    <![CDATA[life insurence]]>
  </system-out>
</testsuite> <!-- testng.Healthinsurence -->
