<?xml version="1.0" encoding="UTF-8"?>
<!-- Generated by org.testng.reporters.JUnitReportReporter -->
<testsuite hostname="LAPTOP-K321CR89" failures="0" tests="1" name="testng.TestNG2" time="0.011" errors="0" timestamp="2022-11-20T10:09:48 IST" skipped="0">
  <testcase classname="testng.TestNG2" name="test3" time="0.011"/>
  <system-out/>
</testsuite> <!-- testng.TestNG2 -->
