<?xml version="1.0" encoding="UTF-8"?>
<!-- Generated by org.testng.reporters.JUnitReportReporter -->
<testsuite hostname="LAPTOP-K321CR89" failures="0" tests="4" name="testng.Jio" time="0.004" errors="0" timestamp="2022-11-21T11:58:56 IST" skipped="0">
  <testcase classname="testng.Jio" name="jio149" time="0.001"/>
  <system-out>
    <![CDATA[jio recharge 28 days]]>
  </system-out>
  <testcase classname="testng.Jio" name="jio449" time="0.001"/>
  <system-out>
    <![CDATA[jio recharge 56 days]]>
  </system-out>
  <testcase classname="testng.Jio" name="jio249" time="0.001"/>
  <system-out>
    <![CDATA[jio recharge 40 days ]]>
  </system-out>
  <testcase classname="testng.Jio" name="jio749" time="0.001"/>
  <system-out>
    <![CDATA[jio recharge 84 days ]]>
  </system-out>
</testsuite> <!-- testng.Jio -->
