<?xml version="1.0" encoding="UTF-8"?>
<!-- Generated by org.testng.reporters.JUnitReportReporter -->
<testsuite hostname="LAPTOP-K321CR89" failures="0" tests="1" name="netstocks.Test_class" time="21.279" errors="0" timestamp="2022-11-29T14:57:57 IST" skipped="0">
  <testcase classname="netstocks.Test_class" name="test" time="21.279"/>
  <system-out/>
</testsuite> <!-- netstocks.Test_class -->
