<?xml version="1.0" encoding="UTF-8"?>
<!-- Generated by org.testng.reporters.JUnitReportReporter -->
<testsuite hostname="LAPTOP-K321CR89" failures="0" tests="1" name="testng.Google" time="8.061" errors="0" timestamp="2022-11-24T13:13:11 IST" skipped="0">
  <testcase classname="testng.Google" name="test" time="8.061"/>
  <system-out/>
</testsuite> <!-- testng.Google -->
