<?xml version="1.0" encoding="UTF-8"?>
<!-- Generated by org.testng.reporters.JUnitReportReporter -->
<testsuite hostname="LAPTOP-K321CR89" failures="0" tests="1" name="testclasses.Testclass" time="18.735" errors="0" timestamp="2022-12-05T08:32:01 IST" skipped="0">
  <testcase classname="testclasses.Testclass" name="validation" time="18.735"/>
  <system-out/>
</testsuite> <!-- testclasses.Testclass -->
