<?xml version="1.0" encoding="UTF-8"?>
<!-- Generated by org.testng.reporters.JUnitReportReporter -->
<testsuite hostname="LAPTOP-K321CR89" failures="0" tests="1" name="assingment.Policybazaar" time="9.436" errors="0" timestamp="2022-12-05T09:56:13 IST" skipped="0">
  <testcase classname="assingment.Policybazaar" name="test" time="9.436"/>
  <system-out/>
</testsuite> <!-- assingment.Policybazaar -->
