<?xml version="1.0" encoding="UTF-8"?>
<!-- Generated by org.testng.reporters.JUnitReportReporter -->
<testsuite hostname="LAPTOP-K321CR89" failures="0" tests="1" name="testNG_Study_.Facebook" time="5.389" errors="0" timestamp="2022-11-22T18:24:11 IST" skipped="0">
  <testcase classname="testNG_Study_.Facebook" name="test" time="5.389"/>
  <system-out/>
</testsuite> <!-- testNG_Study_.Facebook -->
