<?xml version="1.0" encoding="UTF-8"?>
<!-- Generated by org.testng.reporters.JUnitReportReporter -->
<testsuite hostname="LAPTOP-K321CR89" failures="0" tests="1" name="testNG_Study_.TestNG2" time="4.787" errors="0" timestamp="2022-11-20T09:42:14 IST" skipped="0">
  <testcase classname="testNG_Study_.TestNG2" name="test1" time="4.787"/>
  <system-out/>
</testsuite> <!-- testNG_Study_.TestNG2 -->
