<?xml version="1.0" encoding="UTF-8"?>
<!-- Generated by org.testng.reporters.JUnitReportReporter -->
<testsuite hostname="LAPTOP-K321CR89" failures="0" tests="2" name="testNG_Study_.CrossbTesting" time="12.900" errors="0" timestamp="2022-11-24T13:07:02 IST" skipped="0">
  <testcase classname="testNG_Study_.CrossbTesting" name="test" time="6.992"/>
  <system-out/>
  <testcase classname="testNG_Study_.CrossbTesting" name="test" time="5.908"/>
  <system-out/>
</testsuite> <!-- testNG_Study_.CrossbTesting -->
