<?xml version="1.0" encoding="UTF-8"?>
<!-- Generated by org.testng.reporters.JUnitReportReporter -->
<testsuite hostname="LAPTOP-K321CR89" failures="0" tests="1" name="testNG_Study_.TestNg" time="0.007" errors="0" timestamp="2022-11-20T10:25:33 IST" skipped="0">
  <testcase classname="testNG_Study_.TestNg" name="test" time="0.007"/>
  <system-out/>
</testsuite> <!-- testNG_Study_.TestNg -->
