<?xml version="1.0" encoding="UTF-8"?>
<!-- Generated by org.testng.reporters.JUnitReportReporter -->
<testsuite hostname="LAPTOP-K321CR89" failures="0" tests="1" name="neoStoxTest.NeoStoxTestClass" time="7.635" errors="0" timestamp="2022-12-07T17:04:34 IST" skipped="0">
  <testcase classname="neoStoxTest.NeoStoxTestClass" name="validation" time="7.635"/>
  <system-out/>
</testsuite> <!-- neoStoxTest.NeoStoxTestClass -->
