<?xml version="1.0" encoding="UTF-8"?>
<!-- Generated by org.testng.reporters.JUnitReportReporter -->
<testsuite hostname="LAPTOP-K321CR89" failures="0" tests="1" name="testng.TestNG3" time="0.001" errors="0" timestamp="2022-11-20T09:03:37 IST" skipped="0">
  <testcase classname="testng.TestNG3" name="testcase4" time="0.001"/>
  <system-out/>
</testsuite> <!-- testng.TestNG3 -->
