<?xml version="1.0" encoding="UTF-8"?>
<!-- Generated by org.testng.reporters.JUnitReportReporter -->
<testsuite hostname="LAPTOP-K321CR89" failures="0" tests="2" name="testng.Vehicleinsurence" time="0.011" errors="0" timestamp="2022-11-20T14:30:19 IST" skipped="0">
  <testcase classname="testng.Vehicleinsurence" name="vehiclebike" time="0.010"/>
  <system-out>
    <![CDATA[bike insurence]]>
  </system-out>
  <testcase classname="testng.Vehicleinsurence" name="vehiclecar" time="0.001"/>
  <system-out>
    <![CDATA[car insurence]]>
  </system-out>
</testsuite> <!-- testng.Vehicleinsurence -->
