<?xml version="1.0" encoding="UTF-8"?>
<!-- Generated by org.testng.reporters.JUnitReportReporter -->
<testsuite hostname="LAPTOP-K321CR89" failures="0" tests="2" name="testNG_Study_.Google" time="11.450" errors="0" timestamp="2022-11-20T11:41:09 IST" skipped="0">
  <testcase classname="testNG_Study_.Google" name="test2" time="5.363"/>
  <system-out/>
  <testcase classname="testNG_Study_.Google" name="test" time="6.087"/>
  <system-out/>
</testsuite> <!-- testNG_Study_.Google -->
