<?xml version="1.0" encoding="UTF-8"?>
<!-- Generated by org.testng.reporters.JUnitReportReporter -->
<testsuite hostname="LAPTOP-K321CR89" failures="0" tests="2" name="ebayTest.EbayTest" time="56.237" errors="0" timestamp="2022-12-03T09:28:32 IST" skipped="0">
  <testcase classname="ebayTest.EbayTest" name="validation" time="32.223"/>
  <system-out>
    <![CDATA[hi im listener class test case execution  is started....validation
reading data from properties file...
im listener class test case is passed....validation]]>
  </system-out>
  <testcase classname="ebayTest.EbayTest" name="getprice" time="24.014"/>
  <system-out>
    <![CDATA[hi im listener class test case execution  is started....getprice
reading data from properties file...
product price is  to
im listener class test case is passed....getprice]]>
  </system-out>
</testsuite> <!-- ebayTest.EbayTest -->
