<?xml version="1.0" encoding="UTF-8"?>
<!-- Generated by org.testng.reporters.JUnitReportReporter -->
<testsuite hostname="LAPTOP-K321CR89" failures="0" tests="1" name="TestNG_Study.TestClass" time="0.010" errors="0" timestamp="2022-11-09T11:31:01 IST" skipped="0">
  <testcase classname="TestNG_Study.TestClass" name="f" time="0.010"/>
  <system-out>
    <![CDATA[test pass]]>
  </system-out>
</testsuite> <!-- TestNG_Study.TestClass -->
