<?xml version="1.0" encoding="UTF-8"?>
<!-- Generated by org.testng.reporters.JUnitReportReporter -->
<testsuite hostname="LAPTOP-K321CR89" failures="0" tests="2" name="testng.Termlife" time="0.013" errors="0" timestamp="2022-11-21T10:05:29 IST" skipped="0">
  <testcase classname="testng.Termlife" name="test5" time="0.009"/>
  <system-out/>
  <testcase classname="testng.Termlife" name="test6" time="0.004"/>
  <system-out/>
</testsuite> <!-- testng.Termlife -->
